# JRE version: Java(TM) SE Runtime Environment (8.0_31-b13) (build 1.8.0_31-b13)
# Java VM: Java HotSpot(TM) 64-Bit Server VM (25.31-b07 mixed mode windows-amd64 compressed oops)
Heap:
 PSYoungGen      total 95232K, used 13232K [0x000000076b300000, 0x0000000787b00000, 0x00000007c0000000)
  eden space 89600K, 8% used [0x000000076b300000,0x000000076ba88e68,0x0000000770a80000)
  from space 5632K, 97% used [0x0000000786e00000,0x00000007873634a8,0x0000000787380000)
  to   space 7680K, 0% used [0x0000000787380000,0x0000000787380000,0x0000000787b00000)
 ParOldGen       total 121856K, used 38885K [0x00000006c1800000, 0x00000006c8f00000, 0x000000076b300000)
  object space 121856K, 31% used [0x00000006c1800000,0x00000006c3df9630,0x00000006c8f00000)
 Metaspace       used 50964K, capacity 54290K, committed 54480K, reserved 1097728K
  class space    used 6538K, capacity 7128K, committed 7164K, reserved 1048576K
GC Heap History (10 events):
Event: 62915.684 GC heap before
{Heap before GC invocations=75 (full 2):
 PSYoungGen      total 103936K, used 103914K [0x000000076b300000, 0x0000000788f00000, 0x00000007c0000000)
  eden space 99840K, 100% used [0x000000076b300000,0x0000000771480000,0x0000000771480000)
  from space 4096K, 99% used [0x0000000788b00000,0x0000000788efa840,0x0000000788f00000)
  to   space 9216K, 0% used [0x0000000787d00000,0x0000000787d00000,0x0000000788600000)
 ParOldGen       total 121856K, used 38829K [0x00000006c1800000, 0x00000006c8f00000, 0x000000076b300000)
  object space 121856K, 31% used [0x00000006c1800000,0x00000006c3deb630,0x00000006c8f00000)
 Metaspace       used 50874K, capacity 54162K, committed 54224K, reserved 1095680K
  class space    used 6537K, capacity 7128K, committed 7164K, reserved 1048576K
Event: 62915.689 GC heap after
Heap after GC invocations=75 (full 2):
 PSYoungGen      total 101888K, used 3979K [0x000000076b300000, 0x0000000788b80000, 0x00000007c0000000)
  eden space 97792K, 0% used [0x000000076b300000,0x000000076b300000,0x0000000771280000)
  from space 4096K, 97% used [0x0000000787d00000,0x00000007880e2ee0,0x0000000788100000)
  to   space 9216K, 0% used [0x0000000788280000,0x0000000788280000,0x0000000788b80000)
 ParOldGen       total 121856K, used 38853K [0x00000006c1800000, 0x00000006c8f00000, 0x000000076b300000)
  object space 121856K, 31% used [0x00000006c1800000,0x00000006c3df1630,0x00000006c8f00000)
 Metaspace       used 50874K, capacity 54162K, committed 54224K, reserved 1095680K
  class space    used 6537K, capacity 7128K, committed 7164K, reserved 1048576K
}
Event: 63286.062 GC heap before
{Heap before GC invocations=76 (full 2):
 PSYoungGen      total 101888K, used 101748K [0x000000076b300000, 0x0000000788b80000, 0x00000007c0000000)
  eden space 97792K, 99% used [0x000000076b300000,0x000000077127a300,0x0000000771280000)
  from space 4096K, 97% used [0x0000000787d00000,0x00000007880e2ee0,0x0000000788100000)
  to   space 9216K, 0% used [0x0000000788280000,0x0000000788280000,0x0000000788b80000)
 ParOldGen       total 121856K, used 38853K [0x00000006c1800000, 0x00000006c8f00000, 0x000000076b300000)
  object space 121856K, 31% used [0x00000006c1800000,0x00000006c3df1630,0x00000006c8f00000)
 Metaspace       used 50875K, capacity 54162K, committed 54224K, reserved 1095680K
  class space    used 6537K, capacity 7128K, committed 7164K, reserved 1048576K
Event: 63286.067 GC heap after
Heap after GC invocations=76 (full 2):
 PSYoungGen      total 100864K, used 4931K [0x000000076b300000, 0x0000000788780000, 0x00000007c0000000)
  eden space 95744K, 0% used [0x000000076b300000,0x000000076b300000,0x0000000771080000)
  from space 5120K, 96% used [0x0000000788280000,0x0000000788750e50,0x0000000788780000)
  to   space 8704K, 0% used [0x0000000787680000,0x0000000787680000,0x0000000787f00000)
 ParOldGen       total 121856K, used 38853K [0x00000006c1800000, 0x00000006c8f00000, 0x000000076b300000)
  object space 121856K, 31% used [0x00000006c1800000,0x00000006c3df1630,0x00000006c8f00000)
 Metaspace       used 50875K, capacity 54162K, committed 54224K, reserved 1095680K
  class space    used 6537K, capacity 7128K, committed 7164K, reserved 1048576K
}
Event: 63648.127 GC heap before
{Heap before GC invocations=77 (full 2):
 PSYoungGen      total 100864K, used 100675K [0x000000076b300000, 0x0000000788780000, 0x00000007c0000000)
  eden space 95744K, 100% used [0x000000076b300000,0x0000000771080000,0x0000000771080000)
  from space 5120K, 96% used [0x0000000788280000,0x0000000788750e50,0x0000000788780000)
  to   space 8704K, 0% used [0x0000000787680000,0x0000000787680000,0x0000000787f00000)
 ParOldGen       total 121856K, used 38853K [0x00000006c1800000, 0x00000006c8f00000, 0x000000076b300000)
  object space 121856K, 31% used [0x00000006c1800000,0x00000006c3df1630,0x00000006c8f00000)
 Metaspace       used 50875K, capacity 54162K, committed 54224K, reserved 1095680K
  class space    used 6537K, capacity 7128K, committed 7164K, reserved 1048576K
Event: 63648.133 GC heap after
Heap after GC invocations=77 (full 2):
 PSYoungGen      total 97792K, used 4042K [0x000000076b300000, 0x0000000788300000, 0x00000007c0000000)
  eden space 93696K, 0% used [0x000000076b300000,0x000000076b300000,0x0000000770e80000)
  from space 4096K, 98% used [0x0000000787680000,0x0000000787a72820,0x0000000787a80000)
  to   space 8704K, 0% used [0x0000000787a80000,0x0000000787a80000,0x0000000788300000)
 ParOldGen       total 121856K, used 38885K [0x00000006c1800000, 0x00000006c8f00000, 0x000000076b300000)
  object space 121856K, 31% used [0x00000006c1800000,0x00000006c3df9630,0x00000006c8f00000)
 Metaspace       used 50875K, capacity 54162K, committed 54224K, reserved 1095680K
  class space    used 6537K, capacity 7128K, committed 7164K, reserved 1048576K
}
Event: 63967.605 GC heap before
{Heap before GC invocations=78 (full 2):
 PSYoungGen      total 97792K, used 97738K [0x000000076b300000, 0x0000000788300000, 0x00000007c0000000)
  eden space 93696K, 100% used [0x000000076b300000,0x0000000770e80000,0x0000000770e80000)
  from space 4096K, 98% used [0x0000000787680000,0x0000000787a72820,0x0000000787a80000)
  to   space 8704K, 0% used [0x0000000787a80000,0x0000000787a80000,0x0000000788300000)
 ParOldGen       total 121856K, used 38885K [0x00000006c1800000, 0x00000006c8f00000, 0x000000076b300000)
  object space 121856K, 31% used [0x00000006c1800000,0x00000006c3df9630,0x00000006c8f00000)
 Metaspace       used 50933K, capacity 54226K, committed 54480K, reserved 1097728K
  class space    used 6538K, capacity 7128K, committed 7164K, reserved 1048576K
Event: 63967.611 GC heap after
Heap after GC invocations=78 (full 2):
 PSYoungGen      total 96256K, used 4098K [0x000000076b300000, 0x0000000787f00000, 0x00000007c0000000)
  eden space 91648K, 0% used [0x000000076b300000,0x000000076b300000,0x0000000770c80000)
  from space 4608K, 88% used [0x0000000787a80000,0x0000000787e80890,0x0000000787f00000)
  to   space 8704K, 0% used [0x0000000786e00000,0x0000000786e00000,0x0000000787680000)
 ParOldGen       total 121856K, used 38885K [0x00000006c1800000, 0x00000006c8f00000, 0x000000076b300000)
  object space 121856K, 31% used [0x00000006c1800000,0x00000006c3df9630,0x00000006c8f00000)
 Metaspace       used 50933K, capacity 54226K, committed 54480K, reserved 1097728K
  class space    used 6538K, capacity 7128K, committed 7164K, reserved 1048576K
}
Event: 64286.128 GC heap before
{Heap before GC invocations=79 (full 2):
 PSYoungGen      total 96256K, used 95746K [0x000000076b300000, 0x0000000787f00000, 0x00000007c0000000)
  eden space 91648K, 100% used [0x000000076b300000,0x0000000770c80000,0x0000000770c80000)
  from space 4608K, 88% used [0x0000000787a80000,0x0000000787e80890,0x0000000787f00000)
  to   space 8704K, 0% used [0x0000000786e00000,0x0000000786e00000,0x0000000787680000)
 ParOldGen       total 121856K, used 38885K [0x00000006c1800000, 0x00000006c8f00000, 0x000000076b300000)
  object space 121856K, 31% used [0x00000006c1800000,0x00000006c3df9630,0x00000006c8f00000)
 Metaspace       used 50933K, capacity 54226K, committed 54480K, reserved 1097728K
  class space    used 6538K, capacity 7128K, committed 7164K, reserved 1048576K
Event: 64286.134 GC heap after
Heap after GC invocations=79 (full 2):
 PSYoungGen      total 95232K, used 5517K [0x000000076b300000, 0x0000000787b00000, 0x00000007c0000000)
  eden space 89600K, 0% used [0x000000076b300000,0x000000076b300000,0x0000000770a80000)
  from space 5632K, 97% used [0x0000000786e00000,0x00000007873634a8,0x0000000787380000)
  to   space 7680K, 0% used [0x0000000787380000,0x0000000787380000,0x0000000787b00000)
 ParOldGen       total 121856K, used 38885K [0x00000006c1800000, 0x00000006c8f00000, 0x000000076b300000)
  object space 121856K, 31% used [0x00000006c1800000,0x00000006c3df9630,0x00000006c8f00000)
 Metaspace       used 50933K, capacity 54226K, committed 54480K, reserved 1097728K
  class space    used 6538K, capacity 7128K, committed 7164K, reserved 1048576K
}

