# JRE version: Java(TM) SE Runtime Environment (8.0_31-b13) (build 1.8.0_31-b13)
# Java VM: Java HotSpot(TM) 64-Bit Server VM (25.31-b07 mixed mode windows-amd64 compressed oops)
Heap:
 PSYoungGen      total 375808K, used 38649K [0x000000076b300000, 0x0000000784280000, 0x00000007c0000000)
  eden space 359424K, 6% used [0x000000076b300000,0x000000076c8d0ad0,0x0000000781200000)
  from space 16384K, 99% used [0x0000000783280000,0x000000078426da98,0x0000000784280000)
  to   space 21504K, 0% used [0x0000000781880000,0x0000000781880000,0x0000000782d80000)
 ParOldGen       total 107008K, used 19676K [0x00000006c1800000, 0x00000006c8080000, 0x000000076b300000)
  object space 107008K, 18% used [0x00000006c1800000,0x00000006c2b37230,0x00000006c8080000)
 Metaspace       used 50054K, capacity 53250K, committed 53504K, reserved 1095680K
  class space    used 6516K, capacity 7108K, committed 7168K, reserved 1048576K
GC Heap History (10 events):
Event: 4.040 GC heap before
{Heap before GC invocations=6 (full 1):
 PSYoungGen      total 126464K, used 126379K [0x000000076b300000, 0x0000000774380000, 0x00000007c0000000)
  eden space 120320K, 100% used [0x000000076b300000,0x0000000772880000,0x0000000772880000)
  from space 6144K, 98% used [0x0000000773d80000,0x000000077436ac48,0x0000000774380000)
  to   space 10752K, 0% used [0x0000000772e80000,0x0000000772e80000,0x0000000773900000)
 ParOldGen       total 80896K, used 5750K [0x00000006c1800000, 0x00000006c6700000, 0x000000076b300000)
  object space 80896K, 7% used [0x00000006c1800000,0x00000006c1d9d8f8,0x00000006c6700000)
 Metaspace       used 31875K, capacity 33868K, committed 34176K, reserved 1079296K
  class space    used 4234K, capacity 4630K, committed 4736K, reserved 1048576K
Event: 4.054 GC heap after
Heap after GC invocations=6 (full 1):
 PSYoungGen      total 137216K, used 10721K [0x000000076b300000, 0x000000077a400000, 0x00000007c0000000)
  eden space 126464K, 0% used [0x000000076b300000,0x000000076b300000,0x0000000772e80000)
  from space 10752K, 99% used [0x0000000772e80000,0x00000007738f8468,0x0000000773900000)
  to   space 15360K, 0% used [0x0000000779500000,0x0000000779500000,0x000000077a400000)
 ParOldGen       total 80896K, used 8498K [0x00000006c1800000, 0x00000006c6700000, 0x000000076b300000)
  object space 80896K, 10% used [0x00000006c1800000,0x00000006c204caa8,0x00000006c6700000)
 Metaspace       used 31875K, capacity 33868K, committed 34176K, reserved 1079296K
  class space    used 4234K, capacity 4630K, committed 4736K, reserved 1048576K
}
Event: 4.125 GC heap before
{Heap before GC invocations=7 (full 1):
 PSYoungGen      total 137216K, used 20156K [0x000000076b300000, 0x000000077a400000, 0x00000007c0000000)
  eden space 126464K, 7% used [0x000000076b300000,0x000000076bc36ee0,0x0000000772e80000)
  from space 10752K, 99% used [0x0000000772e80000,0x00000007738f8468,0x0000000773900000)
  to   space 15360K, 0% used [0x0000000779500000,0x0000000779500000,0x000000077a400000)
 ParOldGen       total 80896K, used 8498K [0x00000006c1800000, 0x00000006c6700000, 0x000000076b300000)
  object space 80896K, 10% used [0x00000006c1800000,0x00000006c204caa8,0x00000006c6700000)
 Metaspace       used 33371K, capacity 35374K, committed 35416K, reserved 1079296K
  class space    used 4440K, capacity 4823K, committed 4864K, reserved 1048576K
Event: 4.133 GC heap after
Heap after GC invocations=7 (full 1):
 PSYoungGen      total 232448K, used 7479K [0x000000076b300000, 0x000000077b000000, 0x00000007c0000000)
  eden space 217088K, 0% used [0x000000076b300000,0x000000076b300000,0x0000000778700000)
  from space 15360K, 48% used [0x0000000779500000,0x0000000779c4dfe0,0x000000077a400000)
  to   space 14336K, 0% used [0x0000000778700000,0x0000000778700000,0x0000000779500000)
 ParOldGen       total 80896K, used 8570K [0x00000006c1800000, 0x00000006c6700000, 0x000000076b300000)
  object space 80896K, 10% used [0x00000006c1800000,0x00000006c205eab8,0x00000006c6700000)
 Metaspace       used 33371K, capacity 35374K, committed 35416K, reserved 1079296K
  class space    used 4440K, capacity 4823K, committed 4864K, reserved 1048576K
}
Event: 4.133 GC heap before
{Heap before GC invocations=8 (full 2):
 PSYoungGen      total 232448K, used 7479K [0x000000076b300000, 0x000000077b000000, 0x00000007c0000000)
  eden space 217088K, 0% used [0x000000076b300000,0x000000076b300000,0x0000000778700000)
  from space 15360K, 48% used [0x0000000779500000,0x0000000779c4dfe0,0x000000077a400000)
  to   space 14336K, 0% used [0x0000000778700000,0x0000000778700000,0x0000000779500000)
 ParOldGen       total 80896K, used 8570K [0x00000006c1800000, 0x00000006c6700000, 0x000000076b300000)
  object space 80896K, 10% used [0x00000006c1800000,0x00000006c205eab8,0x00000006c6700000)
 Metaspace       used 33371K, capacity 35374K, committed 35416K, reserved 1079296K
  class space    used 4440K, capacity 4823K, committed 4864K, reserved 1048576K
Event: 4.183 GC heap after
Heap after GC invocations=8 (full 2):
 PSYoungGen      total 232448K, used 0K [0x000000076b300000, 0x000000077b000000, 0x00000007c0000000)
  eden space 217088K, 0% used [0x000000076b300000,0x000000076b300000,0x0000000778700000)
  from space 15360K, 0% used [0x0000000779500000,0x0000000779500000,0x000000077a400000)
  to   space 14336K, 0% used [0x0000000778700000,0x0000000778700000,0x0000000779500000)
 ParOldGen       total 107008K, used 12644K [0x00000006c1800000, 0x00000006c8080000, 0x000000076b300000)
  object space 107008K, 11% used [0x00000006c1800000,0x00000006c2459210,0x00000006c8080000)
 Metaspace       used 33369K, capacity 35372K, committed 35416K, reserved 1079296K
  class space    used 4440K, capacity 4822K, committed 4864K, reserved 1048576K
}
Event: 9.495 GC heap before
{Heap before GC invocations=9 (full 2):
 PSYoungGen      total 232448K, used 217088K [0x000000076b300000, 0x000000077b000000, 0x00000007c0000000)
  eden space 217088K, 100% used [0x000000076b300000,0x0000000778700000,0x0000000778700000)
  from space 15360K, 0% used [0x0000000779500000,0x0000000779500000,0x000000077a400000)
  to   space 14336K, 0% used [0x0000000778700000,0x0000000778700000,0x0000000779500000)
 ParOldGen       total 107008K, used 12644K [0x00000006c1800000, 0x00000006c8080000, 0x000000076b300000)
  object space 107008K, 11% used [0x00000006c1800000,0x00000006c2459210,0x00000006c8080000)
 Metaspace       used 49478K, capacity 52428K, committed 52608K, reserved 1095680K
  class space    used 6433K, capacity 6979K, committed 7040K, reserved 1048576K
Event: 9.512 GC heap after
Heap after GC invocations=9 (full 2):
 PSYoungGen      total 231424K, used 14330K [0x000000076b300000, 0x0000000784600000, 0x00000007c0000000)
  eden space 217088K, 0% used [0x000000076b300000,0x000000076b300000,0x0000000778700000)
  from space 14336K, 99% used [0x0000000778700000,0x00000007794feb18,0x0000000779500000)
  to   space 19968K, 0% used [0x0000000783280000,0x0000000783280000,0x0000000784600000)
 ParOldGen       total 107008K, used 19660K [0x00000006c1800000, 0x00000006c8080000, 0x000000076b300000)
  object space 107008K, 18% used [0x00000006c1800000,0x00000006c2b33230,0x00000006c8080000)
 Metaspace       used 49478K, capacity 52428K, committed 52608K, reserved 1095680K
  class space    used 6433K, capacity 6979K, committed 7040K, reserved 1048576K
}
Event: 647.806 GC heap before
{Heap before GC invocations=10 (full 2):
 PSYoungGen      total 231424K, used 231418K [0x000000076b300000, 0x0000000784600000, 0x00000007c0000000)
  eden space 217088K, 100% used [0x000000076b300000,0x0000000778700000,0x0000000778700000)
  from space 14336K, 99% used [0x0000000778700000,0x00000007794feb18,0x0000000779500000)
  to   space 19968K, 0% used [0x0000000783280000,0x0000000783280000,0x0000000784600000)
 ParOldGen       total 107008K, used 19660K [0x00000006c1800000, 0x00000006c8080000, 0x000000076b300000)
  object space 107008K, 18% used [0x00000006c1800000,0x00000006c2b33230,0x00000006c8080000)
 Metaspace       used 50014K, capacity 53186K, committed 53248K, reserved 1095680K
  class space    used 6515K, capacity 7108K, committed 7168K, reserved 1048576K
Event: 647.824 GC heap after
Heap after GC invocations=10 (full 2):
 PSYoungGen      total 375808K, used 16310K [0x000000076b300000, 0x0000000784280000, 0x00000007c0000000)
  eden space 359424K, 0% used [0x000000076b300000,0x000000076b300000,0x0000000781200000)
  from space 16384K, 99% used [0x0000000783280000,0x000000078426da98,0x0000000784280000)
  to   space 21504K, 0% used [0x0000000781880000,0x0000000781880000,0x0000000782d80000)
 ParOldGen       total 107008K, used 19676K [0x00000006c1800000, 0x00000006c8080000, 0x000000076b300000)
  object space 107008K, 18% used [0x00000006c1800000,0x00000006c2b37230,0x00000006c8080000)
 Metaspace       used 50014K, capacity 53186K, committed 53248K, reserved 1095680K
  class space    used 6515K, capacity 7108K, committed 7168K, reserved 1048576K
}

